生成启动时间为 2018/7/31 21:58:27。
     1>项目“E:\VLSI\osmt-th-pso-de-abc-ga\osmt-th-ga(error)\pso_main.vcxproj”在节点 2 上(Build 个目标)。
     1>ClCompile:
         F:\vs\VC\bin\CL.exe /c /ZI /nologo /W3 /WX- /Od /Oy- /D WIN32 /D _DEBUG /D _CONSOLE /D _VC80_UPGRADE=0x0600 /D _MBCS /Gm /EHsc /RTC1 /MTd /GS /Gy- /fp:precise /Zc:wchar_t /Zc:forScope /Zc:inline /Fo".\Debug\\" /Fd".\Debug\vc140.pdb" /Gd /TP /analyze- /errorReport:prompt pso_main.cpp
         pso_main.cpp
     1>e:\vlsi\osmt-th-pso-de-abc-ga\osmt-th-ga(error)\generategraph.cpp(5): warning C4996: 'fopen': This function or variable may be unsafe. Consider using fopen_s instead. To disable deprecation, use _CRT_SECURE_NO_WARNINGS. See online help for details.
         c:\program files (x86)\windows kits\10\include\10.0.10150.0\ucrt\stdio.h(205): note: 参见“fopen”的声明
     1>e:\vlsi\osmt-th-pso-de-abc-ga\osmt-th-ga(error)\generategraph.cpp(6): warning C4996: 'fscanf': This function or variable may be unsafe. Consider using fscanf_s instead. To disable deprecation, use _CRT_SECURE_NO_WARNINGS. See online help for details.
         c:\program files (x86)\windows kits\10\include\10.0.10150.0\ucrt\stdio.h(1193): note: 参见“fscanf”的声明
     1>e:\vlsi\osmt-th-pso-de-abc-ga\osmt-th-ga(error)\generategraph.cpp(8): warning C4996: 'fscanf': This function or variable may be unsafe. Consider using fscanf_s instead. To disable deprecation, use _CRT_SECURE_NO_WARNINGS. See online help for details.
         c:\program files (x86)\windows kits\10\include\10.0.10150.0\ucrt\stdio.h(1193): note: 参见“fscanf”的声明
     1>e:\vlsi\osmt-th-pso-de-abc-ga\osmt-th-ga(error)\pso_main.cpp(21): warning C4244: “参数”: 从“time_t”转换到“unsigned int”，可能丢失数据
     1>e:\vlsi\osmt-th-pso-de-abc-ga\osmt-th-ga(error)\pso_main.cpp(134): warning C4996: 'fopen': This function or variable may be unsafe. Consider using fopen_s instead. To disable deprecation, use _CRT_SECURE_NO_WARNINGS. See online help for details.
         c:\program files (x86)\windows kits\10\include\10.0.10150.0\ucrt\stdio.h(205): note: 参见“fopen”的声明
     1>e:\vlsi\osmt-th-pso-de-abc-ga\osmt-th-ga(error)\pso_main.cpp(154): warning C4244: “参数”: 从“time_t”转换到“unsigned int”，可能丢失数据
     1>e:\vlsi\osmt-th-pso-de-abc-ga\osmt-th-ga(error)\pso_main.cpp(238): warning C4996: 'fopen': This function or variable may be unsafe. Consider using fopen_s instead. To disable deprecation, use _CRT_SECURE_NO_WARNINGS. See online help for details.
         c:\program files (x86)\windows kits\10\include\10.0.10150.0\ucrt\stdio.h(205): note: 参见“fopen”的声明
       Link:
         F:\vs\VC\bin\link.exe /ERRORREPORT:PROMPT /OUT:".\Debug\pso_main.exe" /INCREMENTAL /NOLOGO odbc32.lib odbccp32.lib kernel32.lib user32.lib gdi32.lib winspool.lib comdlg32.lib advapi32.lib shell32.lib ole32.lib oleaut32.lib uuid.lib odbc32.lib odbccp32.lib /MANIFEST /MANIFESTUAC:"level='asInvoker' uiAccess='false'" /manifest:embed /Debug /PDB:".\Debug\pso_main.pdb" /SUBSYSTEM:CONSOLE /TLBID:1 /DYNAMICBASE /NXCOMPAT /IMPLIB:".\Debug\pso_main.lib" /MACHINE:X86 /SAFESEH .\Debug\pso_main.obj
         pso_main.vcxproj -> E:\VLSI\osmt-th-pso-de-abc-ga\osmt-th-ga(error)\.\Debug\pso_main.exe
     1>已完成生成项目“E:\VLSI\osmt-th-pso-de-abc-ga\osmt-th-ga(error)\pso_main.vcxproj”(Build 个目标)的操作。

已成功生成。

已用时间 00:00:02.59
