生成启动时间为 2018/11/11 21:37:29。
     1>项目“C:\Users\zhuang_zhen\Desktop\osmt-th-pso-de-abc-ga-ma-bea\osmt-th-ga2\pso_main.vcxproj”在节点 2 上(Build 个目标)。
     1>ClCompile:
         D:\VS2015\VC\bin\CL.exe /c /Zi /nologo /W3 /WX- /O2 /Oy- /D WIN32 /D NDEBUG /D _CONSOLE /D _VC80_UPGRADE=0x0600 /D _MBCS /GF /Gm- /EHsc /MT /GS /Gy /fp:precise /Zc:wchar_t /Zc:forScope /Zc:inline /Fo".\Release\\" /Fd".\Release\vc140.pdb" /Gd /TP /analyze- /errorReport:prompt pso_main.cpp
         pso_main.cpp
     1>c:\users\zhuang_zhen\desktop\osmt-th-pso-de-abc-ga-ma-bea\osmt-th-ga2\GenerateGraph.cpp(5): warning C4996: 'fopen': This function or variable may be unsafe. Consider using fopen_s instead. To disable deprecation, use _CRT_SECURE_NO_WARNINGS. See online help for details.
         C:\Program Files (x86)\Windows Kits\10\Include\10.0.10150.0\ucrt\stdio.h(205): note: 参见“fopen”的声明
     1>c:\users\zhuang_zhen\desktop\osmt-th-pso-de-abc-ga-ma-bea\osmt-th-ga2\GenerateGraph.cpp(6): warning C4996: 'fscanf': This function or variable may be unsafe. Consider using fscanf_s instead. To disable deprecation, use _CRT_SECURE_NO_WARNINGS. See online help for details.
         C:\Program Files (x86)\Windows Kits\10\Include\10.0.10150.0\ucrt\stdio.h(1193): note: 参见“fscanf”的声明
     1>c:\users\zhuang_zhen\desktop\osmt-th-pso-de-abc-ga-ma-bea\osmt-th-ga2\GenerateGraph.cpp(8): warning C4996: 'fscanf': This function or variable may be unsafe. Consider using fscanf_s instead. To disable deprecation, use _CRT_SECURE_NO_WARNINGS. See online help for details.
         C:\Program Files (x86)\Windows Kits\10\Include\10.0.10150.0\ucrt\stdio.h(1193): note: 参见“fscanf”的声明
     1>c:\users\zhuang_zhen\desktop\osmt-th-pso-de-abc-ga-ma-bea\osmt-th-ga2\GetMutation1.cpp(58): warning C4101: “j”: 未引用的局部变量
     1>pso_main.cpp(21): warning C4244: “参数”: 从“time_t”转换到“unsigned int”，可能丢失数据
     1>pso_main.cpp(134): warning C4996: 'fopen': This function or variable may be unsafe. Consider using fopen_s instead. To disable deprecation, use _CRT_SECURE_NO_WARNINGS. See online help for details.
         C:\Program Files (x86)\Windows Kits\10\Include\10.0.10150.0\ucrt\stdio.h(205): note: 参见“fopen”的声明
     1>pso_main.cpp(154): warning C4244: “参数”: 从“time_t”转换到“unsigned int”，可能丢失数据
     1>pso_main.cpp(213): warning C4996: 'fopen': This function or variable may be unsafe. Consider using fopen_s instead. To disable deprecation, use _CRT_SECURE_NO_WARNINGS. See online help for details.
         C:\Program Files (x86)\Windows Kits\10\Include\10.0.10150.0\ucrt\stdio.h(205): note: 参见“fopen”的声明
     1>pso_main.cpp(150): warning C4101: “r5”: 未引用的局部变量
     1>pso_main.cpp(147): warning C4101: “r2”: 未引用的局部变量
     1>pso_main.cpp(147): warning C4101: “r1”: 未引用的局部变量
     1>pso_main.cpp(149): warning C4101: “r4”: 未引用的局部变量
     1>pso_main.cpp(151): warning C4101: “temp”: 未引用的局部变量
     1>pso_main.cpp(148): warning C4101: “r3”: 未引用的局部变量
       Link:
         D:\VS2015\VC\bin\link.exe /ERRORREPORT:PROMPT /OUT:".\Release\pso_main.exe" /INCREMENTAL:NO /NOLOGO odbc32.lib odbccp32.lib kernel32.lib user32.lib gdi32.lib winspool.lib comdlg32.lib advapi32.lib shell32.lib ole32.lib oleaut32.lib uuid.lib odbc32.lib odbccp32.lib /MANIFEST /MANIFESTUAC:"level='asInvoker' uiAccess='false'" /manifest:embed /DEBUG /PDB:".\Release\pso_main.pdb" /SUBSYSTEM:CONSOLE /TLBID:1 /DYNAMICBASE /NXCOMPAT /IMPLIB:".\Release\pso_main.lib" /MACHINE:X86 /SAFESEH .\Release\pso_main.obj
         pso_main.vcxproj -> C:\Users\zhuang_zhen\Desktop\osmt-th-pso-de-abc-ga-ma-bea\osmt-th-ga2\.\Release\pso_main.exe
     1>已完成生成项目“C:\Users\zhuang_zhen\Desktop\osmt-th-pso-de-abc-ga-ma-bea\osmt-th-ga2\pso_main.vcxproj”(Build 个目标)的操作。

已成功生成。

已用时间 00:00:01.85
